Commit at 2024-11-06 14:56:45: Implement new feature requested by users
Commit at 2024-11-06 17:01:19: Add unit tests for new features
Commit at 2024-11-08 14:17:35: Refactor core logic for better performance
Commit at 2024-11-08 10:00:55: Enhance visualization tools
Commit at 2024-11-12 15:58:33: Implement new feature requested by users
Commit at 2024-11-13 18:47:06: Add unit tests for new features
Commit at 2024-11-14 14:50:05: Improve model evaluation metrics
Commit at 2024-11-15 15:50:13: Add support for new data formats
Commit at 2024-11-20 13:44:35: Enhance visualization tools
Commit at 2024-11-22 16:30:00: Fix security vulnerability in third-party library
Commit at 2024-11-25 10:04:31: Optimize database queries
Commit at 2024-11-28 14:11:28: Improve error handling and logging
Commit at 2024-11-28 13:34:10: Update README with more detailed instructions
Commit at 2024-11-29 10:17:21: Add unit tests for new features
Commit at 2024-11-29 18:46:15: Optimize memory usage in training loop
Commit at 2024-12-02 15:54:31: Improve error handling and logging
Commit at 2024-12-02 18:45:08: Implement new feature requested by users
Commit at 2024-12-03 17:50:38: Update documentation and examples
Commit at 2024-12-04 18:59:31: Add unit tests for new features
Commit at 2024-12-04 10:19:18: Optimize memory usage in training loop
Commit at 2024-12-04 17:47:01: Fix minor bug in data processing
Commit at 2024-12-05 11:06:26: Improve model evaluation metrics
Commit at 2024-12-12 14:15:07: Improve error handling and logging
Commit at 2024-12-12 11:01:42: Fix security vulnerability in third-party library
Commit at 2024-12-16 09:54:24: Optimize database queries
Commit at 2024-12-16 11:20:46: Implement new feature requested by users
Commit at 2024-12-16 12:17:11: Fix security vulnerability in third-party library
Commit at 2024-12-16 12:51:16: Improve error handling and logging
Commit at 2024-12-16 09:42:43: Optimize memory usage in training loop
Commit at 2024-12-16 17:44:57: Fix security vulnerability in third-party library
Commit at 2024-12-17 12:16:38: Optimize memory usage in training loop
Commit at 2024-12-18 09:23:24: Optimize memory usage in training loop
Commit at 2024-12-19 13:01:50: Fix minor bug in data processing
Commit at 2024-12-26 17:55:21: Fix minor bug in data processing
Commit at 2024-12-30 16:46:34: Fix security vulnerability in third-party library
Commit at 2024-12-30 13:13:07: Update documentation and examples
Commit at 2024-12-30 13:45:31: Refactor core logic for better performance
Commit at 2024-12-30 18:11:02: Fix security vulnerability in third-party library
Commit at 2024-12-30 14:17:45: Enhance visualization tools
Commit at 2025-01-06 13:18:33: Improve error handling and logging
Commit at 2025-01-09 10:39:56: Clean up code and remove deprecated functions
Commit at 2025-01-09 15:22:55: Update README with more detailed instructions
Commit at 2025-01-09 12:43:24: Add support for new data formats
